<?xml version="1.0" encoding="UTF-8"?>
<!-- Generated by org.testng.reporters.JUnitXMLReporter -->
<testsuite ignored="1" hostname="DESKTOP-DEBT10J" failures="1" tests="1" name="Test2" time="0.003" errors="0" timestamp="08 Feb 2022 04:58:04 GMT">
  <testcase classname="basemodel.BaseClass" name="@BeforeTest setup" time="0.0">
    <failure type="java.lang.NullPointerException" message="Cannot invoke &amp;quot;org.openqa.selenium.WebDriver.manage()&amp;quot; because &amp;quot;basemodel.BaseClass.driver&amp;quot; is null">
      <![CDATA[java.lang.NullPointerException: Cannot invoke "org.openqa.selenium.WebDriver.manage()" because "basemodel.BaseClass.driver" is null
	at basemodel.BaseClass.setup(BaseClass.java:55)
... Removed 23 stack frames]]>
    </failure>
  </testcase> <!-- @BeforeTest setup -->
  <testcase classname="dataProvider.Test3" name="MethodC" time="0.001">
    <failure type="org.testng.internal.reflect.MethodMatcherException" message="
Data provider mismatch
Method: MethodC([Parameter{index=0, type=java.lang.String, declaredAnnotations=[]}, Parameter{index=1, type=java.lang.String, declaredAnnotations=[]}])
Arguments: [(java.lang.String)Canada]">
      <![CDATA[org.testng.internal.reflect.MethodMatcherException: 
Data provider mismatch
Method: MethodC([Parameter{index=0, type=java.lang.String, declaredAnnotations=[]}, Parameter{index=1, type=java.lang.String, declaredAnnotations=[]}])
Arguments: [(java.lang.String)Canada]
... Removed 20 stack frames]]>
    </failure>
  </testcase> <!-- MethodC -->
  <testcase classname="dataProvider.Test3" name="MethodB" time="0.0">
    <ignored/>
  </testcase> <!-- MethodB -->
</testsuite> <!-- Test2 -->
