<?xml version="1.0" encoding="UTF-8"?>
<!-- Generated by org.testng.reporters.JUnitXMLReporter -->
<testsuite ignored="1" hostname="DESKTOP-DEBT10J" failures="1" tests="1" name="TestParam3" time="0.004" errors="0" timestamp="08 Feb 2022 04:33:37 GMT">
  <testcase classname="basemodel.BaseClass" name="@BeforeTest setup" time="0.0">
    <failure type="java.lang.NullPointerException" message="Cannot invoke &amp;quot;org.openqa.selenium.WebDriver.manage()&amp;quot; because &amp;quot;basemodel.BaseClass.driver&amp;quot; is null">
      <![CDATA[java.lang.NullPointerException: Cannot invoke "org.openqa.selenium.WebDriver.manage()" because "basemodel.BaseClass.driver" is null
	at basemodel.BaseClass.setup(BaseClass.java:55)
... Removed 23 stack frames]]>
    </failure>
  </testcase> <!-- @BeforeTest setup -->
  <testcase classname="dataProvider.Test3" name="MethodC" time="0.0">
    <failure type="org.testng.TestNGException" message="
Method public void dataProvider.Test3.MethodC(java.lang.String,java.lang.String) throws java.lang.InterruptedException requires a @DataProvider named : Test3">
      <![CDATA[org.testng.TestNGException: 
Method public void dataProvider.Test3.MethodC(java.lang.String,java.lang.String) throws java.lang.InterruptedException requires a @DataProvider named : Test3
... Removed 22 stack frames]]>
    </failure>
  </testcase> <!-- MethodC -->
  <testcase classname="dataProvider.Test3" name="MethodB" time="0.0">
    <ignored/>
  </testcase> <!-- MethodB -->
</testsuite> <!-- TestParam3 -->
