<?xml version="1.0" encoding="UTF-8"?>
<!-- Generated by org.testng.reporters.JUnitXMLReporter -->
<testsuite ignored="1" hostname="DESKTOP-DEBT10J" failures="0" tests="3" name="example1" time="10.16" errors="0" timestamp="08 Feb 2022 05:14:59 GMT">
  <testcase classname="dataProvider.Test3" name="MethodB" time="3.386"/>
  <testcase classname="dataProvider.Test3" name="MethodB" time="3.433"/>
  <testcase classname="dataProvider.Test3" name="MethodB" time="3.332"/>
  <testcase classname="dataProvider.Test3" name="MethodC" time="0.0">
    <ignored/>
  </testcase> <!-- MethodC -->
</testsuite> <!-- example1 -->
