<?xml version="1.0" encoding="UTF-8"?>
<!-- Generated by org.testng.reporters.JUnitXMLReporter -->
<testsuite ignored="1" hostname="DESKTOP-DEBT10J" failures="0" tests="3" name="example2" time="9.908" errors="0" timestamp="08 Feb 2022 05:15:09 GMT">
  <testcase classname="dataProvider.Test3" name="MethodC" time="3.302"/>
  <testcase classname="dataProvider.Test3" name="MethodC" time="3.293"/>
  <testcase classname="dataProvider.Test3" name="MethodC" time="3.302"/>
  <testcase classname="dataProvider.Test3" name="MethodB" time="0.0">
    <ignored/>
  </testcase> <!-- MethodB -->
</testsuite> <!-- example2 -->
