<?xml version="1.0" encoding="UTF-8"?>
<!-- Generated by org.testng.reporters.JUnitXMLReporter -->
<testsuite ignored="0" hostname="DESKTOP-DEBT10J" failures="0" tests="3" name="TestParam1" time="6.216" errors="0" timestamp="08 Feb 2022 05:14:49 GMT">
  <testcase classname="dataProvider.ParamTest1" name="testParameterWithXML" time="3.816"/>
  <testcase classname="dataProvider.ParamTest1" name="search" time="1.17"/>
  <testcase classname="dataProvider.ParamTest1" name="search" time="1.079"/>
</testsuite> <!-- TestParam1 -->
