<?xml version="1.0" encoding="UTF-8"?>
<testng-results ignored="0" total="1" passed="1" failed="0" skipped="0">
  <reporter-output>
  </reporter-output>
  <suite started-at="2022-01-20T03:06:05Z" name="Default suite" finished-at="2022-01-20T03:06:06Z" duration-ms="1647">
    <groups>
    </groups>
    <test started-at="2022-01-20T03:06:05Z" name="Default test" finished-at="2022-01-20T03:06:06Z" duration-ms="1647">
      <class name="Actions.keyboardActions">
        <test-method is-config="true" signature="config()[pri:0, instance:Actions.keyboardActions@16eb3ea3]" started-at="2022-01-19T22:06:00Z" name="config" finished-at="2022-01-19T22:06:05Z" duration-ms="4697" status="PASS">
          <reporter-output>
          </reporter-output>
        </test-method> <!-- config -->
        <test-method is-config="true" signature="setup()[pri:0, instance:Actions.keyboardActions@16eb3ea3]" started-at="2022-01-19T22:06:05Z" name="setup" finished-at="2022-01-19T22:06:05Z" duration-ms="263" status="PASS">
          <reporter-output>
          </reporter-output>
        </test-method> <!-- setup -->
        <test-method signature="actionbuilder()[pri:0, instance:Actions.keyboardActions@16eb3ea3]" started-at="2022-01-19T22:06:05Z" name="actionbuilder" finished-at="2022-01-19T22:06:06Z" duration-ms="1370" status="PASS">
          <reporter-output>
          </reporter-output>
        </test-method> <!-- actionbuilder -->
        <test-method is-config="true" signature="teardown()[pri:0, instance:Actions.keyboardActions@16eb3ea3]" started-at="2022-01-19T22:06:06Z" name="teardown" finished-at="2022-01-19T22:06:06Z" duration-ms="0" status="PASS">
          <reporter-output>
          </reporter-output>
        </test-method> <!-- teardown -->
      </class> <!-- Actions.keyboardActions -->
    </test> <!-- Default test -->
  </suite> <!-- Default suite -->
</testng-results>
