<?xml version="1.0" encoding="UTF-8"?>
<!-- Generated by org.testng.reporters.JUnitReportReporter -->
<testsuite ignored="2" hostname="DESKTOP-DEBT10J" failures="0" tests="3" name="dataProvider.ParamTest1" time="6.065" errors="0" timestamp="08 Feb 2022 05:15:09 GMT" skipped="0">
  <testcase classname="dataProvider.ParamTest1" name="search" time="1.079"/>
  <testcase classname="dataProvider.ParamTest1" name="search" time="1.170"/>
  <testcase classname="dataProvider.ParamTest1" name="testParameterWithXML" time="3.816"/>
  <testcase classname="dataProvider.Test3" name="MethodC">
    <skipped/>
  </testcase> <!-- MethodC -->
  <testcase classname="dataProvider.Test3" name="MethodB">
    <skipped/>
  </testcase> <!-- MethodB -->
</testsuite> <!-- dataProvider.ParamTest1 -->
