<?xml version="1.0" encoding="UTF-8"?>
<!-- Generated by org.testng.reporters.JUnitReportReporter -->
<testsuite ignored="0" hostname="DESKTOP-DEBT10J" failures="0" tests="3" name="seleniumTestMethods.Scrolling" time="10.328" errors="0" timestamp="27 Jan 2022 06:13:08 GMT" skipped="0">
  <testcase classname="seleniumTestMethods.Scrolling" name="scrollDown" time="3.564"/>
  <testcase classname="seleniumTestMethods.Scrolling" name="toElement" time="3.629"/>
  <testcase classname="seleniumTestMethods.Scrolling" name="scrollUp" time="3.135"/>
</testsuite> <!-- seleniumTestMethods.Scrolling -->
