<?xml version="1.0" encoding="UTF-8"?>
<!-- Generated by org.testng.reporters.JUnitReportReporter -->
<testsuite ignored="0" hostname="DESKTOP-DEBT10J" failures="0" tests="6" name="dataProvider.Test4" time="20.535" errors="0" timestamp="08 Feb 2022 05:16:35 GMT" skipped="0">
  <testcase classname="dataProvider.Test4" name="MethodD" time="3.635"/>
  <testcase classname="dataProvider.Test4" name="MethodD" time="3.452"/>
  <testcase classname="dataProvider.Test4" name="MethodE" time="3.331"/>
  <testcase classname="dataProvider.Test4" name="MethodE" time="3.332"/>
  <testcase classname="dataProvider.Test4" name="MethodE" time="3.343"/>
  <testcase classname="dataProvider.Test4" name="MethodD" time="3.442"/>
</testsuite> <!-- dataProvider.Test4 -->
