<?xml version="1.0" encoding="UTF-8"?>
<!-- Generated by org.testng.reporters.JUnitReportReporter -->
<testsuite ignored="0" hostname="DESKTOP-DEBT10J" failures="0" tests="4" name="dataProvider.Test2" time="0.009" errors="0" timestamp="08 Feb 2022 02:19:23 GMT" skipped="0">
  <testcase classname="dataProvider.Test2" name="Diff" time="0.001"/>
  <testcase classname="dataProvider.Test2" name="Sum" time="0.005"/>
  <testcase classname="dataProvider.Test2" name="Diff" time="0.002"/>
  <testcase classname="dataProvider.Test2" name="Sum" time="0.001"/>
</testsuite> <!-- dataProvider.Test2 -->
