<?xml version="1.0" encoding="UTF-8"?>
<!-- Generated by org.testng.reporters.JUnitReportReporter -->
<testsuite ignored="0" hostname="DESKTOP-DEBT10J" failures="0" tests="2" name="TestModel.SignupTestcase" time="4.197" errors="0" timestamp="06 Mar 2022 20:28:38 GMT" skipped="0">
  <testcase classname="TestModel.SignupTestcase" name="Fill_SignUp_Form" time="1.780"/>
  <testcase classname="TestModel.SignupTestcase" name="Test_SignUp_Appears" time="2.417"/>
</testsuite> <!-- TestModel.SignupTestcase -->
