<?xml version="1.0" encoding="UTF-8"?>
<!-- Generated by org.testng.reporters.JUnitReportReporter -->
<testsuite ignored="0" hostname="DESKTOP-DEBT10J" failures="0" tests="3" name="seleniumTestMethods.ScreenShot" time="28.773" errors="0" timestamp="01 Feb 2022 02:32:22 GMT" skipped="0">
  <testcase classname="seleniumTestMethods.ScreenShot" name="TakeScreenShotAllPage" time="26.280"/>
  <testcase classname="seleniumTestMethods.ScreenShot" name="OneElementScreenShot" time="0.188"/>
  <testcase classname="seleniumTestMethods.ScreenShot" name="TakeScreenShot" time="2.305"/>
</testsuite> <!-- seleniumTestMethods.ScreenShot -->
