<?xml version="1.0" encoding="UTF-8"?>
<!-- Generated by org.testng.reporters.JUnitReportReporter -->
<testsuite ignored="2" hostname="DESKTOP-DEBT10J" failures="0" tests="6" name="dataProvider.Test3" time="20.048" errors="0" timestamp="08 Feb 2022 05:15:09 GMT" skipped="0">
  <testcase classname="dataProvider.Test3" name="MethodB" time="3.332"/>
  <testcase classname="dataProvider.Test3" name="MethodB" time="3.433"/>
  <testcase classname="dataProvider.Test3" name="MethodB" time="3.386"/>
  <testcase classname="dataProvider.Test3" name="MethodC" time="3.302"/>
  <testcase classname="dataProvider.Test3" name="MethodC" time="3.293"/>
  <testcase classname="dataProvider.Test3" name="MethodC" time="3.302"/>
  <testcase classname="dataProvider.Test3" name="MethodC">
    <skipped/>
  </testcase> <!-- MethodC -->
  <testcase classname="dataProvider.Test3" name="MethodB">
    <skipped/>
  </testcase> <!-- MethodB -->
</testsuite> <!-- dataProvider.Test3 -->
