<?xml version="1.0" encoding="UTF-8"?>
<!-- Generated by org.testng.reporters.JUnitReportReporter -->
<testsuite ignored="0" hostname="DESKTOP-DEBT10J" failures="0" tests="3" name="dataProvider.Test1" time="10.475" errors="0" timestamp="07 Feb 2022 22:48:51 GMT" skipped="0">
  <testcase classname="dataProvider.Test1" name="testMethod" time="3.441"/>
  <testcase classname="dataProvider.Test1" name="testMethod" time="3.443"/>
  <testcase classname="dataProvider.Test1" name="testMethod" time="3.591"/>
</testsuite> <!-- dataProvider.Test1 -->
