<?xml version="1.0" encoding="UTF-8"?>
<!-- Generated by org.testng.reporters.JUnitXMLReporter -->
<testsuite ignored="1" hostname="DESKTOP-DEBT10J" failures="0" tests="3" name="TestParam1" time="0.073" errors="0" timestamp="08 Feb 2022 04:51:23 GMT">
  <testcase classname="basemodel.BaseClass" name="@BeforeTest setup" time="0.0">
    <failure type="java.lang.NullPointerException" message="Cannot invoke &amp;quot;org.openqa.selenium.WebDriver.manage()&amp;quot; because &amp;quot;basemodel.BaseClass.driver&amp;quot; is null">
      <![CDATA[java.lang.NullPointerException: Cannot invoke "org.openqa.selenium.WebDriver.manage()" because "basemodel.BaseClass.driver" is null
	at basemodel.BaseClass.setup(BaseClass.java:55)
... Removed 23 stack frames]]>
    </failure>
  </testcase> <!-- @BeforeTest setup -->
  <testcase classname="dataProvider.Test3" name="MethodB" time="0.002">
    <skipped/>
  </testcase> <!-- MethodB -->
  <testcase classname="dataProvider.Test3" name="MethodB" time="0.001">
    <skipped/>
  </testcase> <!-- MethodB -->
  <testcase classname="dataProvider.Test3" name="MethodB" time="0.0">
    <skipped/>
  </testcase> <!-- MethodB -->
  <testcase classname="dataProvider.Test3" name="MethodC" time="0.0">
    <ignored/>
  </testcase> <!-- MethodC -->
</testsuite> <!-- TestParam1 -->
